/home/wmbinda/miniconda3/bin/quast.py contigs.fasta

Version: 5.2.0

System information:
  OS: Linux-3.10.0-1160.31.1.el7.x86_64-x86_64-with-glibc2.17 (linux_64)
  Python version: 3.10.14
  CPUs number: 8

Started: 2024-06-20 15:08:39

Logging to /home/wmbinda/henry/scripts/assembledSequences/quast_results/results_2024_06_20_15_08_39/quast.log
NOTICE: Maximum number of threads is set to 2 (use --threads option to set it manually)

CWD: /home/wmbinda/henry/scripts/assembledSequences
Main parameters: 
  MODE: default, threads: 2, min contig length: 500, min alignment length: 65, min alignment IDY: 95.0, \
  ambiguity: one, min local misassembly length: 200, min extensive misassembly length: 1000

Contigs:
  Pre-processing...
  contigs.fasta ==> contigs

2024-06-20 15:08:43
Running Basic statistics processor...
  Contig files: 
    contigs
  Calculating N50 and L50...
    contigs, N50 = 39753, L50 = 18, auN = 44697.1, Total length = 2126011, GC % = 52.56, # N's per 100 kbp =  0.00
  Drawing Nx plot...
    saved to /home/wmbinda/henry/scripts/assembledSequences/quast_results/results_2024_06_20_15_08_39/basic_stats/Nx_plot.pdf
  Drawing cumulative plot...
    saved to /home/wmbinda/henry/scripts/assembledSequences/quast_results/results_2024_06_20_15_08_39/basic_stats/cumulative_plot.pdf
  Drawing GC content plot...
    saved to /home/wmbinda/henry/scripts/assembledSequences/quast_results/results_2024_06_20_15_08_39/basic_stats/GC_content_plot.pdf
  Drawing contigs GC content plot...
    saved to /home/wmbinda/henry/scripts/assembledSequences/quast_results/results_2024_06_20_15_08_39/basic_stats/contigs_GC_content_plot.pdf
  Drawing Coverage histogram (bin size: 1x)...
    saved to /home/wmbinda/henry/scripts/assembledSequences/quast_results/results_2024_06_20_15_08_39/basic_stats/coverage_histogram.pdf
  Drawing contigs coverage histogram (bin size: 1x)...
    saved to /home/wmbinda/henry/scripts/assembledSequences/quast_results/results_2024_06_20_15_08_39/basic_stats/contigs_coverage_histogram.pdf
Done.

NOTICE: Genes are not predicted by default. Use --gene-finding or --glimmer option to enable it.

2024-06-20 15:08:46
Creating large visual summaries...
This may take a while: press Ctrl-C to skip this step..
  1 of 2: Creating PDF with all tables and plots...
  2 of 2: Creating Icarus viewers...
Done

2024-06-20 15:08:47
RESULTS:
  Text versions of total report are saved to /home/wmbinda/henry/scripts/assembledSequences/quast_results/results_2024_06_20_15_08_39/report.txt, report.tsv, and report.tex
  Text versions of transposed total report are saved to /home/wmbinda/henry/scripts/assembledSequences/quast_results/results_2024_06_20_15_08_39/transposed_report.txt, transposed_report.tsv, and transposed_report.tex
  HTML version (interactive tables and plots) is saved to /home/wmbinda/henry/scripts/assembledSequences/quast_results/results_2024_06_20_15_08_39/report.html
  PDF version (tables and plots) is saved to /home/wmbinda/henry/scripts/assembledSequences/quast_results/results_2024_06_20_15_08_39/report.pdf
  Icarus (contig browser) is saved to /home/wmbinda/henry/scripts/assembledSequences/quast_results/results_2024_06_20_15_08_39/icarus.html
  Log is saved to /home/wmbinda/henry/scripts/assembledSequences/quast_results/results_2024_06_20_15_08_39/quast.log

Finished: 2024-06-20 15:08:47
Elapsed time: 0:00:08.408403
NOTICEs: 2; WARNINGs: 0; non-fatal ERRORs: 0

Thank you for using QUAST!
